Sat May 18 11:46:32 AM +07 2024
Screen 0: minimum 8 x 8, current 1920 x 1080, maximum 16384 x 16384
DVI-I-0 disconnected primary (normal left inverted right x axis y axis)
	Identifier: 0x1bc
	Timestamp:  4484210
	Subpixel:   unknown
	Clones:    
	CRTCs:      0 1 2 3
	Transform:  1.000000 0.000000 0.000000
	            0.000000 1.000000 0.000000
	            0.000000 0.000000 1.000000
	           filter: 
	CTM: 0 1 0 0 0 0 0 0 0 1 0 0 0 0 0 0 
		0 1 
	CscMatrix: 65536 0 0 0 0 65536 0 0 0 0 65536 0 
	BorderDimensions: 4 
		supported: 4
	Border: 0 0 0 0 
		range: (0, 65535)
	SignalFormat: VGA 
		supported: VGA
	ConnectorType: DVI-I 
	ConnectorNumber: 0 
	_ConnectorLocation: 0 
	non-desktop: 0 
		supported: 0, 1
DVI-I-1 disconnected (normal left inverted right x axis y axis)
	Identifier: 0x1bd
	Timestamp:  4484210
	Subpixel:   unknown
	Clones:    
	CRTCs:      0 1 2 3
	Transform:  1.000000 0.000000 0.000000
	            0.000000 1.000000 0.000000
	            0.000000 0.000000 1.000000
	           filter: 
	CTM: 0 1 0 0 0 0 0 0 0 1 0 0 0 0 0 0 
		0 1 
	CscMatrix: 65536 0 0 0 0 65536 0 0 0 0 65536 0 
	BorderDimensions: 4 
		supported: 4
	Border: 0 0 0 0 
		range: (0, 65535)
	SignalFormat: TMDS 
		supported: TMDS
	ConnectorType: DVI-I 
	ConnectorNumber: 0 
	_ConnectorLocation: 0 
	non-desktop: 0 
		supported: 0, 1
HDMI-0 connected 1920x1080+0+0 (0x1bf) normal (normal left inverted right x axis y axis) 476mm x 267mm
	Identifier: 0x1be
	Timestamp:  4484210
	Subpixel:   unknown
	Gamma:      1.0:1.0:1.0
	Brightness: 1.0
	Clones:    
	CRTC:       0
	CRTCs:      0 1 2 3
	Transform:  1.000000 0.000000 0.000000
	            0.000000 1.000000 0.000000
	            0.000000 0.000000 1.000000
	           filter: 
	CTM: 0 1 0 0 0 0 0 0 0 1 0 0 0 0 0 0 
		0 1 
	CscMatrix: 65536 0 0 0 0 65536 0 0 0 0 65536 0 
	EDID: 
		00ffffffffffff00220e043701010101
		201f010380301d782ac7b5a756539c27
		105054a10800d1c0a9c081c0b3009500
		810081800101023a801871382d40582c
		4500dc0b1100001e000000fd00304b1e
		5612000a202020202020000000fc0048
		50204d323266204648440a20000000ff
		0033434d3133323030423220202001ed
		02032fb149901f041303120211016703
		0c001000002467d85dc4012480016d1a
		00000201304bed0000000000e2006b02
		3a80d072382d40102c4580dc0b110000
		1e011d007251d01e206e285500dc0b11
		00001e011d00bc52d01e20b8285540dc
		0b1100001e2a4480a070382740302035
		00dc0b1100001a000000000000000051
	BorderDimensions: 4 
		supported: 4
	Border: 0 0 0 0 
		range: (0, 65535)
	SignalFormat: TMDS 
		supported: TMDS
	ConnectorType: HDMI 
	ConnectorNumber: 1 
	_ConnectorLocation: 1 
	non-desktop: 0 
		supported: 0, 1
  1920x1080 (0x1bf) 148.500MHz +HSync +VSync *current +preferred
        h: width  1920 start 2008 end 2052 total 2200 skew    0 clock  67.50KHz
        v: height 1080 start 1084 end 1089 total 1125           clock  60.00Hz
  1920x1080 (0x1c0) 174.500MHz +HSync -VSync
        h: width  1920 start 1968 end 2000 total 2080 skew    0 clock  83.89KHz
        v: height 1080 start 1083 end 1088 total 1119           clock  74.97Hz
  1920x1080 (0x1c1) 148.350MHz +HSync +VSync
        h: width  1920 start 2008 end 2052 total 2200 skew    0 clock  67.43KHz
        v: height 1080 start 1084 end 1089 total 1125           clock  59.94Hz
  1920x1080 (0x1c2) 148.500MHz +HSync +VSync
        h: width  1920 start 2448 end 2492 total 2640 skew    0 clock  56.25KHz
        v: height 1080 start 1084 end 1089 total 1125           clock  50.00Hz
  1680x1050 (0x1c3) 146.250MHz -HSync +VSync
        h: width  1680 start 1784 end 1960 total 2240 skew    0 clock  65.29KHz
        v: height 1050 start 1053 end 1059 total 1089           clock  59.95Hz
  1600x900 (0x1c4) 108.000MHz +HSync +VSync
        h: width  1600 start 1624 end 1704 total 1800 skew    0 clock  60.00KHz
        v: height  900 start  901 end  904 total 1000           clock  60.00Hz
  1440x900 (0x1c5) 106.500MHz -HSync +VSync
        h: width  1440 start 1520 end 1672 total 1904 skew    0 clock  55.93KHz
        v: height  900 start  903 end  909 total  934           clock  59.89Hz
  1280x1024 (0x1c6) 108.000MHz +HSync +VSync
        h: width  1280 start 1328 end 1440 total 1688 skew    0 clock  63.98KHz
        v: height 1024 start 1025 end 1028 total 1066           clock  60.02Hz
  1280x800 (0x1c7) 83.500MHz -HSync +VSync
        h: width  1280 start 1352 end 1480 total 1680 skew    0 clock  49.70KHz
        v: height  800 start  803 end  809 total  831           clock  59.81Hz
  1280x720 (0x1c8) 74.250MHz +HSync +VSync
        h: width  1280 start 1390 end 1430 total 1650 skew    0 clock  45.00KHz
        v: height  720 start  725 end  730 total  750           clock  60.00Hz
  1280x720 (0x1c9) 74.180MHz +HSync +VSync
        h: width  1280 start 1390 end 1430 total 1650 skew    0 clock  44.96KHz
        v: height  720 start  725 end  730 total  750           clock  59.94Hz
  1280x720 (0x1ca) 74.250MHz +HSync +VSync
        h: width  1280 start 1720 end 1760 total 1980 skew    0 clock  37.50KHz
        v: height  720 start  725 end  730 total  750           clock  50.00Hz
  1024x768 (0x1cb) 65.000MHz -HSync -VSync
        h: width  1024 start 1048 end 1184 total 1344 skew    0 clock  48.36KHz
        v: height  768 start  771 end  777 total  806           clock  60.00Hz
  800x600 (0x1cc) 40.000MHz +HSync +VSync
        h: width   800 start  840 end  968 total 1056 skew    0 clock  37.88KHz
        v: height  600 start  601 end  605 total  628           clock  60.32Hz
  720x576 (0x1cd) 27.000MHz -HSync -VSync
        h: width   720 start  732 end  796 total  864 skew    0 clock  31.25KHz
        v: height  576 start  581 end  586 total  625           clock  50.00Hz
  720x480 (0x1ce) 27.000MHz -HSync -VSync
        h: width   720 start  736 end  798 total  858 skew    0 clock  31.47KHz
        v: height  480 start  489 end  495 total  525           clock  59.94Hz
  640x480 (0x1cf) 25.175MHz -HSync -VSync
        h: width   640 start  656 end  752 total  800 skew    0 clock  31.47KHz
        v: height  480 start  490 end  492 total  525           clock  59.94Hz
  640x480 (0x1d0) 25.170MHz -HSync -VSync
        h: width   640 start  656 end  752 total  800 skew    0 clock  31.46KHz
        v: height  480 start  490 end  492 total  525           clock  59.93Hz
DP-0 disconnected (normal left inverted right x axis y axis)
	Identifier: 0x1d1
	Timestamp:  4484210
	Subpixel:   unknown
	Clones:    
	CRTCs:      0 1 2 3
	Transform:  1.000000 0.000000 0.000000
	            0.000000 1.000000 0.000000
	            0.000000 0.000000 1.000000
	           filter: 
	CTM: 0 1 0 0 0 0 0 0 0 1 0 0 0 0 0 0 
		0 1 
	CscMatrix: 65536 0 0 0 0 65536 0 0 0 0 65536 0 
	BorderDimensions: 4 
		supported: 4
	Border: 0 0 0 0 
		range: (0, 65535)
	SignalFormat: TMDS 
		supported: TMDS
	ConnectorType: DisplayPort 
	ConnectorNumber: 2 
	_ConnectorLocation: 2 
	non-desktop: 0 
		supported: 0, 1
DP-1 disconnected (normal left inverted right x axis y axis)
	Identifier: 0x1d2
	Timestamp:  4484210
	Subpixel:   unknown
	Clones:    
	CRTCs:      0 1 2 3
	Transform:  1.000000 0.000000 0.000000
	            0.000000 1.000000 0.000000
	            0.000000 0.000000 1.000000
	           filter: 
	CTM: 0 1 0 0 0 0 0 0 0 1 0 0 0 0 0 0 
		0 1 
	CscMatrix: 65536 0 0 0 0 65536 0 0 0 0 65536 0 
	BorderDimensions: 4 
		supported: 4
	Border: 0 0 0 0 
		range: (0, 65535)
	SignalFormat: DisplayPort 
		supported: DisplayPort
	ConnectorType: DisplayPort 
	ConnectorNumber: 2 
	_ConnectorLocation: 2 
	non-desktop: 0 
		supported: 0, 1
VGA-1-1 disconnected (normal left inverted right x axis y axis)
	Identifier: 0x1f3
	Timestamp:  4484210
	Subpixel:   unknown
	Clones:    
	CRTCs:      4 5
	Transform:  1.000000 0.000000 0.000000
	            0.000000 1.000000 0.000000
	            0.000000 0.000000 1.000000
	           filter: 
	PRIME Synchronization: 1 
		supported: 0, 1
	link-status: Good 
		supported: Good, Bad
	CTM: 0 1 0 0 0 0 0 0 0 1 0 0 0 0 0 0 
		0 1 
	CONNECTOR_ID: 61 
		supported: 61
	non-desktop: 0 
		range: (0, 1)
HDMI-1-2 disconnected (normal left inverted right x axis y axis)
	Identifier: 0x1f4
	Timestamp:  4484210
	Subpixel:   unknown
	Clones:    
	CRTCs:      4 5
	Transform:  1.000000 0.000000 0.000000
	            0.000000 1.000000 0.000000
	            0.000000 0.000000 1.000000
	           filter: 
	PRIME Synchronization: 1 
		supported: 0, 1
	max bpc: 12 
		range: (8, 12)
	content type: No Data 
		supported: No Data, Graphics, Photo, Cinema, Game
	Colorspace: Default 
		supported: Default, SMPTE_170M_YCC, BT709_YCC, XVYCC_601, XVYCC_709, SYCC_601, opYCC_601, opRGB, BT2020_CYCC, BT2020_RGB, BT2020_YCC, DCI-P3_RGB_D65, DCI-P3_RGB_Theater
	aspect ratio: Automatic 
		supported: Automatic, 4:3, 16:9
	Broadcast RGB: Automatic 
		supported: Automatic, Full, Limited 16:235
	audio: auto 
		supported: force-dvi, off, auto, on
	link-status: Good 
		supported: Good, Bad
	CTM: 0 1 0 0 0 0 0 0 0 1 0 0 0 0 0 0 
		0 1 
	CONNECTOR_ID: 64 
		supported: 64
	non-desktop: 0 
		range: (0, 1)
DP-1-2 disconnected (normal left inverted right x axis y axis)
	Identifier: 0x1f5
	Timestamp:  4484210
	Subpixel:   unknown
	Clones:    
	CRTCs:      4 5
	Transform:  1.000000 0.000000 0.000000
	            0.000000 1.000000 0.000000
	            0.000000 0.000000 1.000000
	           filter: 
	PRIME Synchronization: 1 
		supported: 0, 1
	Colorspace: Default 
		supported: Default, BT709_YCC, XVYCC_601, XVYCC_709, SYCC_601, opYCC_601, opRGB, BT2020_CYCC, BT2020_RGB, BT2020_YCC, DCI-P3_RGB_D65, RGB_WIDE_FIXED, RGB_WIDE_FLOAT, BT601_YCC
	max bpc: 12 
		range: (6, 12)
	Broadcast RGB: Automatic 
		supported: Automatic, Full, Limited 16:235
	audio: auto 
		supported: force-dvi, off, auto, on
	subconnector: Unknown 
		supported: Unknown, VGA, DVI-D, HDMI, DP, Wireless, Native
	link-status: Good 
		supported: Good, Bad
	CTM: 0 1 0 0 0 0 0 0 0 1 0 0 0 0 0 0 
		0 1 
	CONNECTOR_ID: 72 
		supported: 72
	non-desktop: 0 
		range: (0, 1)
egrep: warning: egrep is obsolescent; using grep -E
egrep: warning: egrep is obsolescent; using grep -E
xrandr: cannot find mode 3840x2160
xrandr: cannot find mode 3840x2160
xrandr: cannot find mode 2560x1600
xrandr: cannot find mode 2560x1600
xrandr: cannot find mode 2560x1440
xrandr: cannot find mode 2560x1440
xrandr: cannot find mode 1920x1200
xrandr: cannot find mode 1920x1200
Wed Jul  3 09:44:18 PM +07 2024
Screen 0: minimum 8 x 8, current 1920 x 1080, maximum 16384 x 16384
DVI-I-0 disconnected primary (normal left inverted right x axis y axis)
	Identifier: 0x1bc
	Timestamp:  39990856
	Subpixel:   unknown
	Clones:    
	CRTCs:      0 1 2 3
	Transform:  1.000000 0.000000 0.000000
	            0.000000 1.000000 0.000000
	            0.000000 0.000000 1.000000
	           filter: 
	CTM: 0 1 0 0 0 0 0 0 0 1 0 0 0 0 0 0 
		0 1 
	CscMatrix: 65536 0 0 0 0 65536 0 0 0 0 65536 0 
	BorderDimensions: 4 
		supported: 4
	Border: 0 0 0 0 
		range: (0, 65535)
	SignalFormat: VGA 
		supported: VGA
	ConnectorType: DVI-I 
	ConnectorNumber: 0 
	_ConnectorLocation: 0 
	non-desktop: 0 
		supported: 0, 1
DVI-I-1 disconnected (normal left inverted right x axis y axis)
	Identifier: 0x1bd
	Timestamp:  39990856
	Subpixel:   unknown
	Clones:    
	CRTCs:      0 1 2 3
	Transform:  1.000000 0.000000 0.000000
	            0.000000 1.000000 0.000000
	            0.000000 0.000000 1.000000
	           filter: 
	CTM: 0 1 0 0 0 0 0 0 0 1 0 0 0 0 0 0 
		0 1 
	CscMatrix: 65536 0 0 0 0 65536 0 0 0 0 65536 0 
	BorderDimensions: 4 
		supported: 4
	Border: 0 0 0 0 
		range: (0, 65535)
	SignalFormat: TMDS 
		supported: TMDS
	ConnectorType: DVI-I 
	ConnectorNumber: 0 
	_ConnectorLocation: 0 
	non-desktop: 0 
		supported: 0, 1
HDMI-0 connected 1920x1080+0+0 (0x1bf) normal (normal left inverted right x axis y axis) 476mm x 267mm
	Identifier: 0x1be
	Timestamp:  39990856
	Subpixel:   unknown
	Gamma:      1.0:1.0:1.0
	Brightness: 1.0
	Clones:    
	CRTC:       0
	CRTCs:      0 1 2 3
	Transform:  1.000000 0.000000 0.000000
	            0.000000 1.000000 0.000000
	            0.000000 0.000000 1.000000
	           filter: 
	CTM: 0 1 0 0 0 0 0 0 0 1 0 0 0 0 0 0 
		0 1 
	CscMatrix: 65536 0 0 0 0 65536 0 0 0 0 65536 0 
	EDID: 
		00ffffffffffff00220e043701010101
		201f010380301d782ac7b5a756539c27
		105054a10800d1c0a9c081c0b3009500
		810081800101023a801871382d40582c
		4500dc0b1100001e000000fd00304b1e
		5612000a202020202020000000fc0048
		50204d323266204648440a20000000ff
		0033434d3133323030423220202001ed
		02032fb149901f041303120211016703
		0c001000002467d85dc4012480016d1a
		00000201304bed0000000000e2006b02
		3a80d072382d40102c4580dc0b110000
		1e011d007251d01e206e285500dc0b11
		00001e011d00bc52d01e20b8285540dc
		0b1100001e2a4480a070382740302035
		00dc0b1100001a000000000000000051
	BorderDimensions: 4 
		supported: 4
	Border: 0 0 0 0 
		range: (0, 65535)
	SignalFormat: TMDS 
		supported: TMDS
	ConnectorType: HDMI 
	ConnectorNumber: 1 
	_ConnectorLocation: 1 
	non-desktop: 0 
		supported: 0, 1
  1920x1080 (0x1bf) 148.500MHz +HSync +VSync *current +preferred
        h: width  1920 start 2008 end 2052 total 2200 skew    0 clock  67.50KHz
        v: height 1080 start 1084 end 1089 total 1125           clock  60.00Hz
  1920x1080 (0x1c0) 174.500MHz +HSync -VSync
        h: width  1920 start 1968 end 2000 total 2080 skew    0 clock  83.89KHz
        v: height 1080 start 1083 end 1088 total 1119           clock  74.97Hz
  1920x1080 (0x1c1) 148.350MHz +HSync +VSync
        h: width  1920 start 2008 end 2052 total 2200 skew    0 clock  67.43KHz
        v: height 1080 start 1084 end 1089 total 1125           clock  59.94Hz
  1920x1080 (0x1c2) 148.500MHz +HSync +VSync
        h: width  1920 start 2448 end 2492 total 2640 skew    0 clock  56.25KHz
        v: height 1080 start 1084 end 1089 total 1125           clock  50.00Hz
  1680x1050 (0x1c3) 146.250MHz -HSync +VSync
        h: width  1680 start 1784 end 1960 total 2240 skew    0 clock  65.29KHz
        v: height 1050 start 1053 end 1059 total 1089           clock  59.95Hz
  1600x900 (0x1c4) 108.000MHz +HSync +VSync
        h: width  1600 start 1624 end 1704 total 1800 skew    0 clock  60.00KHz
        v: height  900 start  901 end  904 total 1000           clock  60.00Hz
  1440x900 (0x1c5) 106.500MHz -HSync +VSync
        h: width  1440 start 1520 end 1672 total 1904 skew    0 clock  55.93KHz
        v: height  900 start  903 end  909 total  934           clock  59.89Hz
  1280x1024 (0x1c6) 108.000MHz +HSync +VSync
        h: width  1280 start 1328 end 1440 total 1688 skew    0 clock  63.98KHz
        v: height 1024 start 1025 end 1028 total 1066           clock  60.02Hz
  1280x800 (0x1c7) 83.500MHz -HSync +VSync
        h: width  1280 start 1352 end 1480 total 1680 skew    0 clock  49.70KHz
        v: height  800 start  803 end  809 total  831           clock  59.81Hz
  1280x720 (0x1c8) 74.250MHz +HSync +VSync
        h: width  1280 start 1390 end 1430 total 1650 skew    0 clock  45.00KHz
        v: height  720 start  725 end  730 total  750           clock  60.00Hz
  1280x720 (0x1c9) 74.180MHz +HSync +VSync
        h: width  1280 start 1390 end 1430 total 1650 skew    0 clock  44.96KHz
        v: height  720 start  725 end  730 total  750           clock  59.94Hz
  1280x720 (0x1ca) 74.250MHz +HSync +VSync
        h: width  1280 start 1720 end 1760 total 1980 skew    0 clock  37.50KHz
        v: height  720 start  725 end  730 total  750           clock  50.00Hz
  1024x768 (0x1cb) 65.000MHz -HSync -VSync
        h: width  1024 start 1048 end 1184 total 1344 skew    0 clock  48.36KHz
        v: height  768 start  771 end  777 total  806           clock  60.00Hz
  800x600 (0x1cc) 40.000MHz +HSync +VSync
        h: width   800 start  840 end  968 total 1056 skew    0 clock  37.88KHz
        v: height  600 start  601 end  605 total  628           clock  60.32Hz
  720x576 (0x1cd) 27.000MHz -HSync -VSync
        h: width   720 start  732 end  796 total  864 skew    0 clock  31.25KHz
        v: height  576 start  581 end  586 total  625           clock  50.00Hz
  720x480 (0x1ce) 27.000MHz -HSync -VSync
        h: width   720 start  736 end  798 total  858 skew    0 clock  31.47KHz
        v: height  480 start  489 end  495 total  525           clock  59.94Hz
  640x480 (0x1cf) 25.175MHz -HSync -VSync
        h: width   640 start  656 end  752 total  800 skew    0 clock  31.47KHz
        v: height  480 start  490 end  492 total  525           clock  59.94Hz
  640x480 (0x1d0) 25.170MHz -HSync -VSync
        h: width   640 start  656 end  752 total  800 skew    0 clock  31.46KHz
        v: height  480 start  490 end  492 total  525           clock  59.93Hz
DP-0 disconnected (normal left inverted right x axis y axis)
	Identifier: 0x1d1
	Timestamp:  39990856
	Subpixel:   unknown
	Clones:    
	CRTCs:      0 1 2 3
	Transform:  1.000000 0.000000 0.000000
	            0.000000 1.000000 0.000000
	            0.000000 0.000000 1.000000
	           filter: 
	CTM: 0 1 0 0 0 0 0 0 0 1 0 0 0 0 0 0 
		0 1 
	CscMatrix: 65536 0 0 0 0 65536 0 0 0 0 65536 0 
	BorderDimensions: 4 
		supported: 4
	Border: 0 0 0 0 
		range: (0, 65535)
	SignalFormat: TMDS 
		supported: TMDS
	ConnectorType: DisplayPort 
	ConnectorNumber: 2 
	_ConnectorLocation: 2 
	non-desktop: 0 
		supported: 0, 1
DP-1 disconnected (normal left inverted right x axis y axis)
	Identifier: 0x1d2
	Timestamp:  39990856
	Subpixel:   unknown
	Clones:    
	CRTCs:      0 1 2 3
	Transform:  1.000000 0.000000 0.000000
	            0.000000 1.000000 0.000000
	            0.000000 0.000000 1.000000
	           filter: 
	CTM: 0 1 0 0 0 0 0 0 0 1 0 0 0 0 0 0 
		0 1 
	CscMatrix: 65536 0 0 0 0 65536 0 0 0 0 65536 0 
	BorderDimensions: 4 
		supported: 4
	Border: 0 0 0 0 
		range: (0, 65535)
	SignalFormat: DisplayPort 
		supported: DisplayPort
	ConnectorType: DisplayPort 
	ConnectorNumber: 2 
	_ConnectorLocation: 2 
	non-desktop: 0 
		supported: 0, 1
VGA-1-1 disconnected (normal left inverted right x axis y axis)
	Identifier: 0x1f3
	Timestamp:  39990856
	Subpixel:   unknown
	Clones:    
	CRTCs:      4 5
	Transform:  1.000000 0.000000 0.000000
	            0.000000 1.000000 0.000000
	            0.000000 0.000000 1.000000
	           filter: 
	PRIME Synchronization: 1 
		supported: 0, 1
	link-status: Good 
		supported: Good, Bad
	CTM: 0 1 0 0 0 0 0 0 0 1 0 0 0 0 0 0 
		0 1 
	CONNECTOR_ID: 61 
		supported: 61
	non-desktop: 0 
		range: (0, 1)
HDMI-1-2 disconnected (normal left inverted right x axis y axis)
	Identifier: 0x1f4
	Timestamp:  39990856
	Subpixel:   unknown
	Clones:    
	CRTCs:      4 5
	Transform:  1.000000 0.000000 0.000000
	            0.000000 1.000000 0.000000
	            0.000000 0.000000 1.000000
	           filter: 
	PRIME Synchronization: 1 
		supported: 0, 1
	max bpc: 12 
		range: (8, 12)
	content type: No Data 
		supported: No Data, Graphics, Photo, Cinema, Game
	Colorspace: Default 
		supported: Default, SMPTE_170M_YCC, BT709_YCC, XVYCC_601, XVYCC_709, SYCC_601, opYCC_601, opRGB, BT2020_CYCC, BT2020_RGB, BT2020_YCC, DCI-P3_RGB_D65, DCI-P3_RGB_Theater
	aspect ratio: Automatic 
		supported: Automatic, 4:3, 16:9
	Broadcast RGB: Automatic 
		supported: Automatic, Full, Limited 16:235
	audio: auto 
		supported: force-dvi, off, auto, on
	link-status: Good 
		supported: Good, Bad
	CTM: 0 1 0 0 0 0 0 0 0 1 0 0 0 0 0 0 
		0 1 
	CONNECTOR_ID: 64 
		supported: 64
	non-desktop: 0 
		range: (0, 1)
DP-1-2 disconnected (normal left inverted right x axis y axis)
	Identifier: 0x1f5
	Timestamp:  39990856
	Subpixel:   unknown
	Clones:    
	CRTCs:      4 5
	Transform:  1.000000 0.000000 0.000000
	            0.000000 1.000000 0.000000
	            0.000000 0.000000 1.000000
	           filter: 
	PRIME Synchronization: 1 
		supported: 0, 1
	Colorspace: Default 
		supported: Default, BT709_YCC, XVYCC_601, XVYCC_709, SYCC_601, opYCC_601, opRGB, BT2020_CYCC, BT2020_RGB, BT2020_YCC, DCI-P3_RGB_D65, RGB_WIDE_FIXED, RGB_WIDE_FLOAT, BT601_YCC
	max bpc: 12 
		range: (6, 12)
	Broadcast RGB: Automatic 
		supported: Automatic, Full, Limited 16:235
	audio: auto 
		supported: force-dvi, off, auto, on
	subconnector: Unknown 
		supported: Unknown, VGA, DVI-D, HDMI, DP, Wireless, Native
	link-status: Good 
		supported: Good, Bad
	CTM: 0 1 0 0 0 0 0 0 0 1 0 0 0 0 0 0 
		0 1 
	CONNECTOR_ID: 72 
		supported: 72
	non-desktop: 0 
		range: (0, 1)
egrep: warning: egrep is obsolescent; using grep -E
egrep: warning: egrep is obsolescent; using grep -E
xrandr: cannot find mode 3840x2160
xrandr: cannot find mode 3840x2160
xrandr: cannot find mode 2560x1600
xrandr: cannot find mode 2560x1600
xrandr: cannot find mode 2560x1440
xrandr: cannot find mode 2560x1440
xrandr: cannot find mode 1920x1200
xrandr: cannot find mode 1920x1200
